appPrimerParcial/app/build/intermediates/manifest_merge_blame_file/debug/manifest-merger-blame-debug-report.txt
1<?xml version="1.0" encoding="utf-8"?>
2<manifest xmlns:android="http://schemas.android.com/apk/res/android"
3    package="com.example.appparcial"
4    android:versionCode="1"
5    android:versionName="1.0" >
6
7    <uses-sdk
8        android:minSdkVersion="24"
8-->src\main\AndroidManifest.xml
9        android:targetSdkVersion="29" />
9-->src\main\AndroidManifest.xml
10
11    <application
11-->src\main\AndroidManifest.xml:5:5-32:19
12        android:allowBackup="true"
12-->src\main\AndroidManifest.xml:6:9-35
13        android:appComponentFactory="androidx.core.app.CoreComponentFactory"
13-->[androidx.core:core:1.2.0] AndroidManifest.xml:24:18-86
14        android:debuggable="true"
15        android:extractNativeLibs="false"
16        android:icon="@mipmap/ic_launcher"
16-->src\main\AndroidManifest.xml:7:9-43
17        android:label="@string/app_name"
17-->src\main\AndroidManifest.xml:8:9-41
18        android:roundIcon="@mipmap/ic_launcher_round"
18-->src\main\AndroidManifest.xml:9:9-54
19        android:supportsRtl="true"
19-->src\main\AndroidManifest.xml:10:9-35
20        android:theme="@style/AppTheme" >
20-->src\main\AndroidManifest.xml:11:9-40
21        <activity android:name="com.example.appparcial.Historial_Numero_Secreto" />
21-->src\main\AndroidManifest.xml:12:9-71
21-->src\main\AndroidManifest.xml:12:19-59
22        <activity android:name="com.example.appparcial.Historial_Contador" />
22-->src\main\AndroidManifest.xml:13:9-56
22-->src\main\AndroidManifest.xml:13:19-53
23        <activity android:name="com.example.appparcial.Registro_Ok" />
23-->src\main\AndroidManifest.xml:14:9-49
23-->src\main\AndroidManifest.xml:14:19-46
24        <activity android:name="com.example.appparcial.registro" />
24-->src\main\AndroidManifest.xml:15:9-46
24-->src\main\AndroidManifest.xml:15:19-43
25        <activity android:name="com.example.appparcial.instructivo_numerosecreto" />
25-->src\main\AndroidManifest.xml:16:9-63
25-->src\main\AndroidManifest.xml:16:19-60
26        <activity android:name="com.example.appparcial.instructivo_contador" />
26-->src\main\AndroidManifest.xml:17:9-58
26-->src\main\AndroidManifest.xml:17:19-55
27        <activity
27-->src\main\AndroidManifest.xml:18:9-26:20
28            android:name="com.example.appparcial.MainActivity"
28-->src\main\AndroidManifest.xml:19:13-41
29            android:theme="@style/SplashTheme" >
29-->src\main\AndroidManifest.xml:20:13-47
30            <intent-filter>
30-->src\main\AndroidManifest.xml:21:13-25:29
31                <action android:name="android.intent.action.MAIN" />
31-->src\main\AndroidManifest.xml:22:17-69
31-->src\main\AndroidManifest.xml:22:25-66
32
33                <category android:name="android.intent.category.LAUNCHER" />
33-->src\main\AndroidManifest.xml:24:17-77
33-->src\main\AndroidManifest.xml:24:27-74
34            </intent-filter>
35        </activity>
36        <activity android:name="com.example.appparcial.numeroSecreto" />
36-->src\main\AndroidManifest.xml:27:9-51
36-->src\main\AndroidManifest.xml:27:19-48
37        <activity android:name="com.example.appparcial.contador" />
37-->src\main\AndroidManifest.xml:28:9-46
37-->src\main\AndroidManifest.xml:28:19-43
38        <activity android:name="com.example.appparcial.juegos" />
38-->src\main\AndroidManifest.xml:29:9-44
38-->src\main\AndroidManifest.xml:29:19-41
39        <activity android:name="com.example.appparcial.datosPersonales" />
39-->src\main\AndroidManifest.xml:30:9-53
39-->src\main\AndroidManifest.xml:30:19-50
40        <activity android:name="com.example.appparcial.splashScreen" />
40-->src\main\AndroidManifest.xml:31:9-50
40-->src\main\AndroidManifest.xml:31:19-47
41    </application>
42
43</manifest>